<?xml version="1.0" encoding="UTF-8"?>
<!-- Generated by org.testng.reporters.JUnitReportReporter -->
<testsuite hostname="EPINHYDW12ED" failures="0" tests="4" name="org.runners.TestRunner" time="149.111" errors="0" timestamp="2025-05-17T22:26:52 IST" skipped="0">
  <testcase classname="org.runners.TestRunner" name="runScenario" time="26.874"/>
  <testcase classname="org.runners.TestRunner" name="runScenario" time="9.555"/>
  <testcase classname="org.runners.TestRunner" name="runScenario" time="30.190"/>
  <testcase classname="org.runners.TestRunner" name="runScenario" time="82.492"/>
</testsuite> <!-- org.runners.TestRunner -->
